[2025-03-14 17:32:57] [INFO   ]  Custom Logger Initialized 
[2025-03-14 17:32:58] [INFO   ] [NOTICE] TerraformGenerator will suppress the server's watchdog while generating chunks to prevent unnecessary stacktrace warnings. Unless you specifically need thewatchdog now (to take aikar timings or debug lag), you don't need to take any action. 
[2025-03-14 17:32:58] [INFO   ] It is recommended to pregenerate to reduce lag problems. 
[2025-03-14 17:32:58] [INFO   ] Watchdog Thread hooked. 
[2025-03-14 17:32:58] [INFO   ]  bStats Metrics enabled. 
[2025-03-14 17:32:58] [INFO   ]  Detected version: 1.21, number: 21.0 
[2025-03-14 17:32:58] [INFO   ] Unfreezing biome registry... 
[2025-03-14 17:32:58] [INFO   ] Registered custom biome: muddy_bog 
[2025-03-14 17:32:58] [INFO   ] Registered custom biome: cherry_grove 
[2025-03-14 17:32:58] [INFO   ] Registered custom biome: scarlet_forest 
[2025-03-14 17:32:58] [INFO   ] Registered custom biome: crystalline_cluster 
[2025-03-14 17:32:58] [INFO   ] Freezing biome registry 
[2025-03-14 17:32:58] [INFO   ] [Structure Registry] Registered Large Structure: VillageHousePopulator 
[2025-03-14 17:32:58] [INFO   ] [Structure Registry] Registered Large Structure: VillagePopulator 
[2025-03-14 17:32:58] [INFO   ] [Structure Registry] Registered Large Structure: OutpostPopulator 
[2025-03-14 17:32:58] [INFO   ] [Structure Registry] Registered Large Structure: PyramidPopulator 
[2025-03-14 17:32:58] [INFO   ] [Structure Registry] Registered Large Structure: MonumentPopulator 
[2025-03-14 17:32:58] [INFO   ] [Structure Registry] Registered Large Structure: StrongholdPopulator 
[2025-03-14 17:32:58] [INFO   ] [Structure Registry] Registered Large Structure: MansionPopulator 
[2025-03-14 17:32:58] [INFO   ] [Structure Registry] Registered Large Structure: AncientCityPopulator 
[2025-03-14 17:32:58] [INFO   ] [Structure Registry] Registered Large Structure: TrialChamberPopulator 
[2025-03-14 17:32:58] [INFO   ] [Structure Registry] Registered Large Structure: LargeCavePopulator 
[2025-03-14 17:32:58] [INFO   ] [Structure Registry] Registered Large Structure: MineshaftPopulator 
[2025-03-14 17:32:58] [INFO   ] [Structure Registry] Registered Large Structure: CatacombsPopulator 
[2025-03-14 17:32:58] [INFO   ] [Structure Registry] Registered Large Structure: BadlandsMinePopulator 
[2025-03-14 17:32:58] [INFO   ] [Structure Registry] Registered Large Structure: WarmOceanRuinsPopulator 
[2025-03-14 17:32:58] [INFO   ] [Structure Registry] Registered Large Structure: TrailRuinsPopulator 
[2025-03-14 17:32:58] [INFO   ] [Structure Registry] Registered Small Structure: SmallDungeonPopulator 
[2025-03-14 17:32:58] [INFO   ] [Structure Registry] Registered Small Structure: ShipwreckPopulator 
[2025-03-14 17:32:58] [INFO   ] [Structure Registry] Registered Small Structure: BuriedTreasurePopulator 
[2025-03-14 17:32:58] [INFO   ] [Structure Registry] Registered Small Structure: RuinedPortalPopulator 
[2025-03-14 17:32:58] [INFO   ] [Structure Registry] Registered Small Structure: IglooPopulator 
[2025-03-14 17:32:58] [INFO   ] [Structure Registry] Registered Small Structure: DesertWellPopulator 
[2025-03-14 17:32:58] [INFO   ] [Structure Registry] Registered Small Structure: WitchHutPopulator 
[2025-03-14 17:35:33] [INFO   ]  Custom Logger Initialized 
[2025-03-14 17:35:33] [INFO   ] [NOTICE] TerraformGenerator will suppress the server's watchdog while generating chunks to prevent unnecessary stacktrace warnings. Unless you specifically need thewatchdog now (to take aikar timings or debug lag), you don't need to take any action. 
[2025-03-14 17:35:33] [INFO   ] It is recommended to pregenerate to reduce lag problems. 
[2025-03-14 17:35:33] [INFO   ] Watchdog Thread hooked. 
[2025-03-14 17:35:33] [INFO   ]  bStats Metrics enabled. 
[2025-03-14 17:35:33] [INFO   ]  Detected version: 1.21, number: 21.0 
[2025-03-14 17:35:33] [INFO   ] Unfreezing biome registry... 
[2025-03-14 17:35:33] [INFO   ] Registered custom biome: muddy_bog 
[2025-03-14 17:35:33] [INFO   ] Registered custom biome: cherry_grove 
[2025-03-14 17:35:33] [INFO   ] Registered custom biome: scarlet_forest 
[2025-03-14 17:35:33] [INFO   ] Registered custom biome: crystalline_cluster 
[2025-03-14 17:35:33] [INFO   ] Freezing biome registry 
[2025-03-14 17:35:34] [INFO   ] [Structure Registry] Registered Large Structure: VillageHousePopulator 
[2025-03-14 17:35:34] [INFO   ] [Structure Registry] Registered Large Structure: VillagePopulator 
[2025-03-14 17:35:34] [INFO   ] [Structure Registry] Registered Large Structure: OutpostPopulator 
[2025-03-14 17:35:34] [INFO   ] [Structure Registry] Registered Large Structure: PyramidPopulator 
[2025-03-14 17:35:34] [INFO   ] [Structure Registry] Registered Large Structure: MonumentPopulator 
[2025-03-14 17:35:34] [INFO   ] [Structure Registry] Registered Large Structure: StrongholdPopulator 
[2025-03-14 17:35:34] [INFO   ] [Structure Registry] Registered Large Structure: MansionPopulator 
[2025-03-14 17:35:34] [INFO   ] [Structure Registry] Registered Large Structure: AncientCityPopulator 
[2025-03-14 17:35:34] [INFO   ] [Structure Registry] Registered Large Structure: TrialChamberPopulator 
[2025-03-14 17:35:34] [INFO   ] [Structure Registry] Registered Large Structure: LargeCavePopulator 
[2025-03-14 17:35:34] [INFO   ] [Structure Registry] Registered Large Structure: MineshaftPopulator 
[2025-03-14 17:35:34] [INFO   ] [Structure Registry] Registered Large Structure: CatacombsPopulator 
[2025-03-14 17:35:34] [INFO   ] [Structure Registry] Registered Large Structure: BadlandsMinePopulator 
[2025-03-14 17:35:34] [INFO   ] [Structure Registry] Registered Large Structure: WarmOceanRuinsPopulator 
[2025-03-14 17:35:34] [INFO   ] [Structure Registry] Registered Large Structure: TrailRuinsPopulator 
[2025-03-14 17:35:34] [INFO   ] [Structure Registry] Registered Small Structure: SmallDungeonPopulator 
[2025-03-14 17:35:34] [INFO   ] [Structure Registry] Registered Small Structure: ShipwreckPopulator 
[2025-03-14 17:35:34] [INFO   ] [Structure Registry] Registered Small Structure: BuriedTreasurePopulator 
[2025-03-14 17:35:34] [INFO   ] [Structure Registry] Registered Small Structure: RuinedPortalPopulator 
[2025-03-14 17:35:34] [INFO   ] [Structure Registry] Registered Small Structure: IglooPopulator 
[2025-03-14 17:35:34] [INFO   ] [Structure Registry] Registered Small Structure: DesertWellPopulator 
[2025-03-14 17:35:34] [INFO   ] [Structure Registry] Registered Small Structure: WitchHutPopulator 
[2025-03-14 17:36:42] [INFO   ]  Custom Logger Initialized 
[2025-03-14 17:36:42] [INFO   ] [NOTICE] TerraformGenerator will suppress the server's watchdog while generating chunks to prevent unnecessary stacktrace warnings. Unless you specifically need thewatchdog now (to take aikar timings or debug lag), you don't need to take any action. 
[2025-03-14 17:36:42] [INFO   ] It is recommended to pregenerate to reduce lag problems. 
[2025-03-14 17:36:42] [INFO   ] Watchdog Thread hooked. 
[2025-03-14 17:36:42] [INFO   ]  bStats Metrics enabled. 
[2025-03-14 17:36:42] [INFO   ]  Detected version: 1.21, number: 21.0 
[2025-03-14 17:36:42] [INFO   ] Unfreezing biome registry... 
[2025-03-14 17:36:42] [INFO   ] Registered custom biome: muddy_bog 
[2025-03-14 17:36:42] [INFO   ] Registered custom biome: cherry_grove 
[2025-03-14 17:36:42] [INFO   ] Registered custom biome: scarlet_forest 
[2025-03-14 17:36:42] [INFO   ] Registered custom biome: crystalline_cluster 
[2025-03-14 17:36:42] [INFO   ] Freezing biome registry 
[2025-03-14 17:36:42] [INFO   ] [Structure Registry] Registered Large Structure: VillageHousePopulator 
[2025-03-14 17:36:42] [INFO   ] [Structure Registry] Registered Large Structure: VillagePopulator 
[2025-03-14 17:36:42] [INFO   ] [Structure Registry] Registered Large Structure: OutpostPopulator 
[2025-03-14 17:36:42] [INFO   ] [Structure Registry] Registered Large Structure: PyramidPopulator 
[2025-03-14 17:36:42] [INFO   ] [Structure Registry] Registered Large Structure: MonumentPopulator 
[2025-03-14 17:36:42] [INFO   ] [Structure Registry] Registered Large Structure: StrongholdPopulator 
[2025-03-14 17:36:42] [INFO   ] [Structure Registry] Registered Large Structure: MansionPopulator 
[2025-03-14 17:36:42] [INFO   ] [Structure Registry] Registered Large Structure: AncientCityPopulator 
[2025-03-14 17:36:42] [INFO   ] [Structure Registry] Registered Large Structure: TrialChamberPopulator 
[2025-03-14 17:36:42] [INFO   ] [Structure Registry] Registered Large Structure: LargeCavePopulator 
[2025-03-14 17:36:43] [INFO   ] [Structure Registry] Registered Large Structure: MineshaftPopulator 
[2025-03-14 17:36:43] [INFO   ] [Structure Registry] Registered Large Structure: CatacombsPopulator 
[2025-03-14 17:36:43] [INFO   ] [Structure Registry] Registered Large Structure: BadlandsMinePopulator 
[2025-03-14 17:36:43] [INFO   ] [Structure Registry] Registered Large Structure: WarmOceanRuinsPopulator 
[2025-03-14 17:36:43] [INFO   ] [Structure Registry] Registered Large Structure: TrailRuinsPopulator 
[2025-03-14 17:36:43] [INFO   ] [Structure Registry] Registered Small Structure: SmallDungeonPopulator 
[2025-03-14 17:36:43] [INFO   ] [Structure Registry] Registered Small Structure: ShipwreckPopulator 
[2025-03-14 17:36:43] [INFO   ] [Structure Registry] Registered Small Structure: BuriedTreasurePopulator 
[2025-03-14 17:36:43] [INFO   ] [Structure Registry] Registered Small Structure: RuinedPortalPopulator 
[2025-03-14 17:36:43] [INFO   ] [Structure Registry] Registered Small Structure: IglooPopulator 
[2025-03-14 17:36:43] [INFO   ] [Structure Registry] Registered Small Structure: DesertWellPopulator 
[2025-03-14 17:36:43] [INFO   ] [Structure Registry] Registered Small Structure: WitchHutPopulator 
[2025-03-14 17:38:05] [INFO   ]  Custom Logger Initialized 
[2025-03-14 17:38:05] [INFO   ] [NOTICE] TerraformGenerator will suppress the server's watchdog while generating chunks to prevent unnecessary stacktrace warnings. Unless you specifically need thewatchdog now (to take aikar timings or debug lag), you don't need to take any action. 
[2025-03-14 17:38:05] [INFO   ] It is recommended to pregenerate to reduce lag problems. 
[2025-03-14 17:38:05] [INFO   ] Watchdog Thread hooked. 
[2025-03-14 17:38:05] [INFO   ]  bStats Metrics enabled. 
[2025-03-14 17:38:05] [INFO   ]  Detected version: 1.21, number: 21.0 
[2025-03-14 17:38:05] [INFO   ] Unfreezing biome registry... 
[2025-03-14 17:38:05] [INFO   ] Registered custom biome: muddy_bog 
[2025-03-14 17:38:05] [INFO   ] Registered custom biome: cherry_grove 
[2025-03-14 17:38:05] [INFO   ] Registered custom biome: scarlet_forest 
[2025-03-14 17:38:05] [INFO   ] Registered custom biome: crystalline_cluster 
[2025-03-14 17:38:05] [INFO   ] Freezing biome registry 
[2025-03-14 17:38:06] [INFO   ] [Structure Registry] Registered Large Structure: VillageHousePopulator 
[2025-03-14 17:38:06] [INFO   ] [Structure Registry] Registered Large Structure: VillagePopulator 
[2025-03-14 17:38:06] [INFO   ] [Structure Registry] Registered Large Structure: OutpostPopulator 
[2025-03-14 17:38:06] [INFO   ] [Structure Registry] Registered Large Structure: PyramidPopulator 
[2025-03-14 17:38:06] [INFO   ] [Structure Registry] Registered Large Structure: MonumentPopulator 
[2025-03-14 17:38:06] [INFO   ] [Structure Registry] Registered Large Structure: StrongholdPopulator 
[2025-03-14 17:38:06] [INFO   ] [Structure Registry] Registered Large Structure: MansionPopulator 
[2025-03-14 17:38:06] [INFO   ] [Structure Registry] Registered Large Structure: AncientCityPopulator 
[2025-03-14 17:38:06] [INFO   ] [Structure Registry] Registered Large Structure: TrialChamberPopulator 
[2025-03-14 17:38:06] [INFO   ] [Structure Registry] Registered Large Structure: LargeCavePopulator 
[2025-03-14 17:38:06] [INFO   ] [Structure Registry] Registered Large Structure: MineshaftPopulator 
[2025-03-14 17:38:06] [INFO   ] [Structure Registry] Registered Large Structure: CatacombsPopulator 
[2025-03-14 17:38:06] [INFO   ] [Structure Registry] Registered Large Structure: BadlandsMinePopulator 
[2025-03-14 17:38:06] [INFO   ] [Structure Registry] Registered Large Structure: WarmOceanRuinsPopulator 
[2025-03-14 17:38:06] [INFO   ] [Structure Registry] Registered Large Structure: TrailRuinsPopulator 
[2025-03-14 17:38:06] [INFO   ] [Structure Registry] Registered Small Structure: SmallDungeonPopulator 
[2025-03-14 17:38:06] [INFO   ] [Structure Registry] Registered Small Structure: ShipwreckPopulator 
[2025-03-14 17:38:06] [INFO   ] [Structure Registry] Registered Small Structure: BuriedTreasurePopulator 
[2025-03-14 17:38:06] [INFO   ] [Structure Registry] Registered Small Structure: RuinedPortalPopulator 
[2025-03-14 17:38:06] [INFO   ] [Structure Registry] Registered Small Structure: IglooPopulator 
[2025-03-14 17:38:06] [INFO   ] [Structure Registry] Registered Small Structure: DesertWellPopulator 
[2025-03-14 17:38:06] [INFO   ] [Structure Registry] Registered Small Structure: WitchHutPopulator 
[2025-03-14 17:40:37] [INFO   ]  Custom Logger Initialized 
[2025-03-14 17:40:37] [INFO   ] [NOTICE] TerraformGenerator will suppress the server's watchdog while generating chunks to prevent unnecessary stacktrace warnings. Unless you specifically need thewatchdog now (to take aikar timings or debug lag), you don't need to take any action. 
[2025-03-14 17:40:37] [INFO   ] It is recommended to pregenerate to reduce lag problems. 
[2025-03-14 17:40:37] [INFO   ] Watchdog Thread hooked. 
[2025-03-14 17:40:37] [INFO   ]  bStats Metrics enabled. 
[2025-03-14 17:40:38] [INFO   ]  Detected version: 1.21, number: 21.0 
[2025-03-14 17:40:38] [INFO   ] Unfreezing biome registry... 
[2025-03-14 17:40:38] [INFO   ] Registered custom biome: muddy_bog 
[2025-03-14 17:40:38] [INFO   ] Registered custom biome: cherry_grove 
[2025-03-14 17:40:38] [INFO   ] Registered custom biome: scarlet_forest 
[2025-03-14 17:40:38] [INFO   ] Registered custom biome: crystalline_cluster 
[2025-03-14 17:40:38] [INFO   ] Freezing biome registry 
[2025-03-14 17:40:38] [INFO   ] [Structure Registry] Registered Large Structure: VillageHousePopulator 
[2025-03-14 17:40:38] [INFO   ] [Structure Registry] Registered Large Structure: VillagePopulator 
[2025-03-14 17:40:38] [INFO   ] [Structure Registry] Registered Large Structure: OutpostPopulator 
[2025-03-14 17:40:38] [INFO   ] [Structure Registry] Registered Large Structure: PyramidPopulator 
[2025-03-14 17:40:38] [INFO   ] [Structure Registry] Registered Large Structure: MonumentPopulator 
[2025-03-14 17:40:38] [INFO   ] [Structure Registry] Registered Large Structure: StrongholdPopulator 
[2025-03-14 17:40:38] [INFO   ] [Structure Registry] Registered Large Structure: MansionPopulator 
[2025-03-14 17:40:38] [INFO   ] [Structure Registry] Registered Large Structure: AncientCityPopulator 
[2025-03-14 17:40:38] [INFO   ] [Structure Registry] Registered Large Structure: TrialChamberPopulator 
[2025-03-14 17:40:38] [INFO   ] [Structure Registry] Registered Large Structure: LargeCavePopulator 
[2025-03-14 17:40:38] [INFO   ] [Structure Registry] Registered Large Structure: MineshaftPopulator 
[2025-03-14 17:40:38] [INFO   ] [Structure Registry] Registered Large Structure: CatacombsPopulator 
[2025-03-14 17:40:38] [INFO   ] [Structure Registry] Registered Large Structure: BadlandsMinePopulator 
[2025-03-14 17:40:38] [INFO   ] [Structure Registry] Registered Large Structure: WarmOceanRuinsPopulator 
[2025-03-14 17:40:38] [INFO   ] [Structure Registry] Registered Large Structure: TrailRuinsPopulator 
[2025-03-14 17:40:38] [INFO   ] [Structure Registry] Registered Small Structure: SmallDungeonPopulator 
[2025-03-14 17:40:38] [INFO   ] [Structure Registry] Registered Small Structure: ShipwreckPopulator 
[2025-03-14 17:40:38] [INFO   ] [Structure Registry] Registered Small Structure: BuriedTreasurePopulator 
[2025-03-14 17:40:38] [INFO   ] [Structure Registry] Registered Small Structure: RuinedPortalPopulator 
[2025-03-14 17:40:38] [INFO   ] [Structure Registry] Registered Small Structure: IglooPopulator 
[2025-03-14 17:40:38] [INFO   ] [Structure Registry] Registered Small Structure: DesertWellPopulator 
[2025-03-14 17:40:38] [INFO   ] [Structure Registry] Registered Small Structure: WitchHutPopulator 
[2025-03-14 17:40:41] [INFO   ] Creating TW instance: world - -4461820931073833708 
[2025-03-14 17:40:41] [INFO   ]  Detected world: world, commencing injection...  
[2025-03-14 17:40:41] [INFO   ] Creating TW instance: world - -4461820931073833708 
[2025-03-14 17:40:41] [INFO   ] NMSChunkGenerator Delegate is of type CustomChunkGenerator 
[2025-03-14 17:40:41] [INFO   ] Post injection: getChunkSource().getChunkGenerator() is of type NMSChunkGenerator 
[2025-03-14 17:40:41] [INFO   ]  Injection success! Proceeding with generation. 
[2025-03-14 17:40:42] [INFO   ]  world loaded. 
[2025-03-14 17:41:15] [INFO   ] Spawning MossyCavePopulator at 160,44,80 
[2025-03-14 17:41:15] [INFO   ] Spawning DeepCavePopulator at 160,-41,93 
[2025-03-14 17:41:15] [INFO   ] Will spawn stronghold at: 75, 1405 
[2025-03-14 17:41:15] [INFO   ] Registered: org.terraform.structure.mineshaft.CaveSpiderDenPopulator at -122 -1 -136 in a room of size 14x14 
[2025-03-14 17:41:15] [INFO   ] Registered: org.terraform.structure.mineshaft.CaveSpiderDenPopulator at -195 -1 -259 in a room of size 13x14 
[2025-03-14 17:41:15] [INFO   ] Registered: org.terraform.structure.mineshaft.SmeltingHallPopulator at -202 -1 -147 in a room of size 14x15 
[2025-03-14 17:41:15] [INFO   ] Registered: org.terraform.structure.mineshaft.CaveSpiderDenPopulator at -247 -1 -199 in a room of size 15x13 
[2025-03-14 17:41:15] [INFO   ] Registered: org.terraform.structure.mineshaft.SmeltingHallPopulator at -187 -1 -227 in a room of size 15x14 
[2025-03-14 17:41:15] [INFO   ] Registered: org.terraform.structure.mineshaft.CaveSpiderDenPopulator at -198 -1 -179 in a room of size 14x15 
[2025-03-14 17:41:15] [INFO   ] Calculated structure at -4,-9 
[2025-03-14 17:41:17] [INFO   ] Spawning LushClusterCavePopulator at 150,44,123 
[2025-03-14 17:41:17] [INFO   ] Spawning DripstoneClusterCavePopulator at -78,-21,274 
[2025-03-14 17:41:18] [INFO   ] Spawning CaveFluidClusterPopulator at -34,-6,314 
[2025-03-14 17:41:19] [INFO   ] Spawning ForestedMountainsCavePopulator at 129,-19,4 
[2025-03-14 17:41:22] [INFO   ] Spawning CrystallineClusterCavePopulator at 54,73,-90 
[2025-03-14 17:41:24] [INFO   ] Generating org.terraform.structure.small.dungeon.SmallDungeonPopulator at chunk: 12,6 
[2025-03-14 17:41:24] [INFO   ] Spawning Underground Dungeon at 204,21,101 
[2025-03-14 17:41:25] [INFO   ] 20,20 will spawn a vanilla structure, with tryGenerateStructure == true 
[2025-03-14 17:41:25] [INFO   ] 20,-12 will spawn a vanilla structure, with tryGenerateStructure == true 
[2025-03-14 17:41:25] [INFO   ] Spawning FrozenCavePopulator at 6,-7,-160 
[2025-03-14 17:41:41] [INFO   ] Generating org.terraform.structure.small.dungeon.SmallDungeonPopulator at chunk: 9,15 
[2025-03-14 17:41:41] [INFO   ] Spawning Underground Dungeon at 145,30,252 
[2025-03-14 17:41:46] [INFO   ] Minecart with chest at: -201, -1, -170 
[2025-03-14 17:41:53] [INFO   ] Generating org.terraform.structure.mineshaft.MineshaftPopulator at chunk: -12,-12 
[2025-03-14 17:41:59] [INFO   ] Generating org.terraform.structure.small.dungeon.SmallDungeonPopulator at chunk: -19,-12 
[2025-03-14 17:41:59] [INFO   ] Spawning Drowned Dungeon at -302,-179 
[2025-03-14 17:42:04] [INFO   ] Generating org.terraform.structure.warmoceanruins.WarmOceanRuinsPopulator at chunk: -12,20 
[2025-03-14 17:42:04] [INFO   ] Registered: org.terraform.structure.warmoceanruins.WarmOceanDomeHutRoom at -207 20 285 in a room of size 13x15 
[2025-03-14 17:42:04] [INFO   ] Registered: org.terraform.structure.warmoceanruins.WarmOceanAltarRoom at -213 20 360 in a room of size 12x13 
[2025-03-14 17:42:04] [INFO   ] Registered: org.terraform.structure.warmoceanruins.WarmOceanAltarRoom at -185 20 312 in a room of size 11x14 
[2025-03-14 17:42:04] [INFO   ] Registered: org.terraform.structure.warmoceanruins.WarmOceanDomeHutRoom at -153 20 311 in a room of size 10x12 
[2025-03-14 17:42:04] [INFO   ] Registered: org.terraform.structure.warmoceanruins.WarmOceanLargeArcRoom at -174 20 342 in a room of size 25x25 
[2025-03-14 17:42:04] [INFO   ] Registered: org.terraform.structure.warmoceanruins.WarmOceanAltarRoom at -228 20 289 in a room of size 11x13 
[2025-03-14 17:44:07] [INFO   ]  Custom Logger Initialized 
[2025-03-14 17:44:07] [INFO   ] [NOTICE] TerraformGenerator will suppress the server's watchdog while generating chunks to prevent unnecessary stacktrace warnings. Unless you specifically need thewatchdog now (to take aikar timings or debug lag), you don't need to take any action. 
[2025-03-14 17:44:07] [INFO   ] It is recommended to pregenerate to reduce lag problems. 
[2025-03-14 17:44:07] [INFO   ] Watchdog Thread hooked. 
[2025-03-14 17:44:07] [INFO   ]  bStats Metrics enabled. 
[2025-03-14 17:44:07] [INFO   ]  Detected version: 1.21, number: 21.0 
[2025-03-14 17:44:07] [INFO   ] Unfreezing biome registry... 
[2025-03-14 17:44:07] [INFO   ] Registered custom biome: muddy_bog 
[2025-03-14 17:44:07] [INFO   ] Registered custom biome: cherry_grove 
[2025-03-14 17:44:07] [INFO   ] Registered custom biome: scarlet_forest 
[2025-03-14 17:44:07] [INFO   ] Registered custom biome: crystalline_cluster 
[2025-03-14 17:44:07] [INFO   ] Freezing biome registry 
[2025-03-14 17:44:08] [INFO   ] [Structure Registry] Registered Large Structure: VillageHousePopulator 
[2025-03-14 17:44:08] [INFO   ] [Structure Registry] Registered Large Structure: VillagePopulator 
[2025-03-14 17:44:08] [INFO   ] [Structure Registry] Registered Large Structure: OutpostPopulator 
[2025-03-14 17:44:08] [INFO   ] [Structure Registry] Registered Large Structure: PyramidPopulator 
[2025-03-14 17:44:08] [INFO   ] [Structure Registry] Registered Large Structure: MonumentPopulator 
[2025-03-14 17:44:08] [INFO   ] [Structure Registry] Registered Large Structure: StrongholdPopulator 
[2025-03-14 17:44:08] [INFO   ] [Structure Registry] Registered Large Structure: MansionPopulator 
[2025-03-14 17:44:08] [INFO   ] [Structure Registry] Registered Large Structure: AncientCityPopulator 
[2025-03-14 17:44:08] [INFO   ] [Structure Registry] Registered Large Structure: TrialChamberPopulator 
[2025-03-14 17:44:08] [INFO   ] [Structure Registry] Registered Large Structure: LargeCavePopulator 
[2025-03-14 17:44:08] [INFO   ] [Structure Registry] Registered Large Structure: MineshaftPopulator 
[2025-03-14 17:44:08] [INFO   ] [Structure Registry] Registered Large Structure: CatacombsPopulator 
[2025-03-14 17:44:08] [INFO   ] [Structure Registry] Registered Large Structure: BadlandsMinePopulator 
[2025-03-14 17:44:08] [INFO   ] [Structure Registry] Registered Large Structure: WarmOceanRuinsPopulator 
[2025-03-14 17:44:08] [INFO   ] [Structure Registry] Registered Large Structure: TrailRuinsPopulator 
[2025-03-14 17:44:08] [INFO   ] [Structure Registry] Registered Small Structure: SmallDungeonPopulator 
[2025-03-14 17:44:08] [INFO   ] [Structure Registry] Registered Small Structure: ShipwreckPopulator 
[2025-03-14 17:44:08] [INFO   ] [Structure Registry] Registered Small Structure: BuriedTreasurePopulator 
[2025-03-14 17:44:08] [INFO   ] [Structure Registry] Registered Small Structure: RuinedPortalPopulator 
[2025-03-14 17:44:08] [INFO   ] [Structure Registry] Registered Small Structure: IglooPopulator 
[2025-03-14 17:44:08] [INFO   ] [Structure Registry] Registered Small Structure: DesertWellPopulator 
[2025-03-14 17:44:08] [INFO   ] [Structure Registry] Registered Small Structure: WitchHutPopulator 
[2025-03-14 17:44:10] [INFO   ] Creating TW instance: world - -4461820931073833708 
[2025-03-14 17:44:10] [INFO   ]  Detected world: world, commencing injection...  
[2025-03-14 17:44:10] [INFO   ] Creating TW instance: world - -4461820931073833708 
[2025-03-14 17:44:10] [INFO   ] NMSChunkGenerator Delegate is of type CustomChunkGenerator 
[2025-03-14 17:44:10] [INFO   ] Post injection: getChunkSource().getChunkGenerator() is of type NMSChunkGenerator 
[2025-03-14 17:44:10] [INFO   ]  Injection success! Proceeding with generation. 
[2025-03-14 17:44:11] [INFO   ] Will spawn stronghold at: 75, 1405 
[2025-03-14 17:44:17] [INFO   ] Spawning MossyCavePopulator at -48,51,80 
[2025-03-14 17:44:17] [INFO   ] Spawning DeepCavePopulator at -64,-35,64 
[2025-03-14 17:44:17] [INFO   ] Spawning CaveFluidClusterPopulator at -45,51,73 
[2025-03-14 17:44:19] [INFO   ] Spawning LushClusterCavePopulator at -21,-20,55 
[2025-03-14 17:44:19] [INFO   ] Spawning DripstoneClusterCavePopulator at -21,-22,120 
[2025-03-14 17:44:21] [INFO   ] Spawning CrystallineClusterCavePopulator at 20,-12,62 
[2025-03-14 17:44:21] [INFO   ] Spawning ForestedMountainsCavePopulator at 16,31,17 
[2025-03-14 17:44:22] [INFO   ]  world loaded. 
[2025-03-14 17:44:32] [INFO   ] Registered: org.terraform.structure.mineshaft.CaveSpiderDenPopulator at -195 15 -259 in a room of size 13x14 
[2025-03-14 17:44:32] [INFO   ] Registered: org.terraform.structure.mineshaft.CaveSpiderDenPopulator at -247 15 -199 in a room of size 15x13 
[2025-03-14 17:44:32] [INFO   ] Registered: org.terraform.structure.mineshaft.CaveSpiderDenPopulator at -122 15 -136 in a room of size 14x14 
[2025-03-14 17:44:32] [INFO   ] Registered: org.terraform.structure.mineshaft.CaveSpiderDenPopulator at -202 15 -147 in a room of size 14x15 
[2025-03-14 17:44:32] [INFO   ] Registered: org.terraform.structure.mineshaft.SmeltingHallPopulator at -187 15 -227 in a room of size 15x14 
[2025-03-14 17:44:32] [INFO   ] Registered: org.terraform.structure.mineshaft.SmeltingHallPopulator at -198 15 -179 in a room of size 14x15 
[2025-03-14 17:44:32] [INFO   ] Calculated structure at -4,-1 
[2025-03-14 17:44:53] [INFO   ] Spawning FrozenCavePopulator at 18,21,-142 
[2025-03-14 17:44:54] [INFO   ] 20,-12 will spawn a vanilla structure, with tryGenerateStructure == true 
[2025-03-14 17:44:54] [INFO   ] Generating org.terraform.structure.small.dungeon.SmallDungeonPopulator at chunk: 12,6 
[2025-03-14 17:44:54] [INFO   ] Spawning Underground Dungeon at 204,21,101 
[2025-03-14 17:44:55] [INFO   ] 20,20 will spawn a vanilla structure, with tryGenerateStructure == true 
[2025-03-14 17:44:59] [INFO   ] Generating org.terraform.structure.small.dungeon.SmallDungeonPopulator at chunk: 9,15 
[2025-03-14 17:44:59] [INFO   ] Spawning Underground Dungeon at 145,30,252 
[2025-03-14 17:45:22] [INFO   ] Generating org.terraform.structure.warmoceanruins.WarmOceanRuinsPopulator at chunk: -12,20 
[2025-03-14 17:45:22] [INFO   ] Registered: org.terraform.structure.warmoceanruins.WarmOceanAltarRoom at -185 20 312 in a room of size 11x14 
[2025-03-14 17:45:22] [INFO   ] Registered: org.terraform.structure.warmoceanruins.WarmOceanDomeHutRoom at -153 20 311 in a room of size 10x12 
[2025-03-14 17:45:22] [INFO   ] Registered: org.terraform.structure.warmoceanruins.WarmOceanAltarRoom at -213 20 360 in a room of size 12x13 
[2025-03-14 17:45:22] [INFO   ] Registered: org.terraform.structure.warmoceanruins.WarmOceanDomeHutRoom at -207 20 285 in a room of size 13x15 
[2025-03-14 17:45:22] [INFO   ] Registered: org.terraform.structure.warmoceanruins.WarmOceanLargeArcRoom at -174 20 342 in a room of size 25x25 
[2025-03-14 17:45:22] [INFO   ] Registered: org.terraform.structure.warmoceanruins.WarmOceanAltarRoom at -228 20 289 in a room of size 11x13 
[2025-03-14 17:45:25] [INFO   ] Generating org.terraform.structure.small.ruinedportal.RuinedPortalPopulator at chunk: 17,23 
[2025-03-14 17:45:26] [INFO   ] Minecart with chest at: -174, 15, -135 
[2025-03-14 17:45:27] [INFO   ] Generating org.terraform.structure.trialchamber.TrialChamberPopulator at chunk: 20,20 
[2025-03-14 17:45:32] [INFO   ] Generating org.terraform.structure.small.ruinedportal.RuinedPortalPopulator at chunk: 22,-6 
[2025-03-14 17:46:09] [INFO   ] Generating org.terraform.structure.trialchamber.TrialChamberPopulator at chunk: 20,-12 
[2025-03-14 17:46:16] [INFO   ] Generating org.terraform.structure.small.dungeon.SmallDungeonPopulator at chunk: 28,-9 
[2025-03-14 17:46:16] [INFO   ] Spawning Underground Dungeon at 450,25,-142 
[2025-03-14 17:46:17] [INFO   ] Spawning ancient city at: 832,-13,320 
[2025-03-14 17:46:17] [INFO   ] Registered: org.terraform.structure.ancientcity.AncientCitySchematicPlatform at 780 -13 294 in a room of size 17x16 
[2025-03-14 17:46:17] [INFO   ] Registered: org.terraform.structure.ancientcity.AncientCityCenterPlatformPopulator at 840 -13 328 in a room of size 46x46 
[2025-03-14 17:46:17] [INFO   ] Registered: org.terraform.structure.ancientcity.AncientCitySchematicPlatform at 873 -13 363 in a room of size 18x19 
[2025-03-14 17:46:17] [INFO   ] Registered: org.terraform.structure.ancientcity.AncientCityRuinsPlatform at 860 -13 290 in a room of size 17x24 
[2025-03-14 17:46:17] [INFO   ] Registered: org.terraform.structure.ancientcity.AncientCitySchematicPlatform at 776 -13 371 in a room of size 20x25 
[2025-03-14 17:46:17] [INFO   ] Registered: org.terraform.structure.ancientcity.AncientCitySchematicPlatform at 847 -13 373 in a room of size 22x26 
[2025-03-14 17:46:17] [INFO   ] Registered: org.terraform.structure.ancientcity.AncientCityRuinsPlatform at 812 -13 378 in a room of size 17x24 
[2025-03-14 17:46:17] [INFO   ] Registered: org.terraform.structure.ancientcity.AncientCityLargePillarRoomPopulator at 772 -13 346 in a room of size 17x18 
[2025-03-14 17:46:17] [INFO   ] Registered: org.terraform.structure.ancientcity.AncientCitySchematicPlatform at 825 -13 267 in a room of size 22x22 
[2025-03-14 17:46:17] [INFO   ] Registered: org.terraform.structure.ancientcity.AncientCityLargePillarRoomPopulator at 805 -13 267 in a room of size 16x17 
[2025-03-14 17:46:17] [INFO   ] Registered: org.terraform.structure.ancientcity.AncientCityAltarPopulator at 882 -13 308 in a room of size 25x16 
[2025-03-14 17:46:17] [INFO   ] Registered: org.terraform.structure.ancientcity.AncientCityAltarPopulator at 802 -13 345 in a room of size 25x23 
[2025-03-14 17:46:17] [INFO   ] Registered: org.terraform.structure.ancientcity.AncientCitySchematicPlatform at 806 -13 299 in a room of size 22x24 
[2025-03-14 17:46:17] [INFO   ] Calculated structure at 32,0 
[2025-03-14 17:46:46] [INFO   ] Generating org.terraform.structure.mineshaft.MineshaftPopulator at chunk: -12,-12 
[2025-03-14 17:46:52] [INFO   ] Registered: org.terraform.structure.mineshaft.ShaftRoomPopulator at -239 15 878 in a room of size 13x14 
[2025-03-14 17:46:52] [INFO   ] Registered: org.terraform.structure.mineshaft.ShaftRoomPopulator at -134 15 813 in a room of size 13x13 
[2025-03-14 17:46:52] [INFO   ] Registered: org.terraform.structure.mineshaft.ShaftRoomPopulator at -208 15 869 in a room of size 14x13 
[2025-03-14 17:46:52] [INFO   ] Registered: org.terraform.structure.mineshaft.ShaftRoomPopulator at -199 15 800 in a room of size 15x14 
[2025-03-14 17:46:52] [INFO   ] Registered: org.terraform.structure.mineshaft.ShaftRoomPopulator at -243 15 898 in a room of size 14x14 
[2025-03-14 17:46:52] [INFO   ] Registered: org.terraform.structure.mineshaft.CaveSpiderDenPopulator at -172 15 841 in a room of size 15x13 
[2025-03-14 17:46:52] [INFO   ] Registered: org.terraform.structure.mineshaft.ShaftRoomPopulator at -210 15 891 in a room of size 14x14 
[2025-03-14 17:46:52] [INFO   ] Registered: org.terraform.structure.mineshaft.ShaftRoomPopulator at -176 15 761 in a room of size 14x14 
[2025-03-14 17:46:52] [INFO   ] Registered: org.terraform.structure.mineshaft.SmeltingHallPopulator at -190 15 858 in a room of size 14x13 
[2025-03-14 17:46:52] [INFO   ] Registered: org.terraform.structure.mineshaft.ShaftRoomPopulator at -149 15 874 in a room of size 15x13 
[2025-03-14 17:46:52] [INFO   ] Registered: org.terraform.structure.mineshaft.ShaftTopPopulator at -176 30 761 in a room of size 14x6 
[2025-03-14 17:46:52] [INFO   ] Registered: org.terraform.structure.mineshaft.CaveSpiderDenPopulator at -161 30 847 in a room of size 15x14 
[2025-03-14 17:46:52] [INFO   ] Registered: org.terraform.structure.mineshaft.ShaftTopPopulator at -149 30 874 in a room of size 15x5 
[2025-03-14 17:46:52] [INFO   ] Registered: org.terraform.structure.mineshaft.CaveSpiderDenPopulator at -207 30 817 in a room of size 14x13 
[2025-03-14 17:46:52] [INFO   ] Registered: org.terraform.structure.mineshaft.ShaftTopPopulator at -239 30 878 in a room of size 13x6 
[2025-03-14 17:46:52] [INFO   ] Registered: org.terraform.structure.mineshaft.ShaftTopPopulator at -243 30 898 in a room of size 14x7 
[2025-03-14 17:46:52] [INFO   ] Registered: org.terraform.structure.mineshaft.CaveSpiderDenPopulator at -122 30 865 in a room of size 14x13 
[2025-03-14 17:46:52] [INFO   ] Registered: org.terraform.structure.mineshaft.CaveSpiderDenPopulator at -227 30 907 in a room of size 14x13 
[2025-03-14 17:46:52] [INFO   ] Registered: org.terraform.structure.mineshaft.CaveSpiderDenPopulator at -149 30 781 in a room of size 13x14 
[2025-03-14 17:46:52] [INFO   ] Registered: org.terraform.structure.mineshaft.SmeltingHallPopulator at -262 30 890 in a room of size 14x14 
[2025-03-14 17:46:52] [INFO   ] Registered: org.terraform.structure.mineshaft.ShaftTopPopulator at -134 30 813 in a room of size 13x7 
[2025-03-14 17:46:52] [INFO   ] Registered: org.terraform.structure.mineshaft.ShaftTopPopulator at -208 30 869 in a room of size 14x7 
[2025-03-14 17:46:52] [INFO   ] Registered: org.terraform.structure.mineshaft.SmeltingHallPopulator at -141 30 859 in a room of size 14x13 
[2025-03-14 17:46:52] [INFO   ] Registered: org.terraform.structure.mineshaft.SmeltingHallPopulator at -265 30 826 in a room of size 15x13 
[2025-03-14 17:46:52] [INFO   ] Registered: org.terraform.structure.mineshaft.SmeltingHallPopulator at -192 30 882 in a room of size 13x13 
[2025-03-14 17:46:52] [INFO   ] Registered: org.terraform.structure.mineshaft.SmeltingHallPopulator at -230 30 864 in a room of size 15x13 
[2025-03-14 17:46:52] [INFO   ] Registered: org.terraform.structure.mineshaft.ShaftTopPopulator at -199 30 800 in a room of size 15x7 
[2025-03-14 17:46:52] [INFO   ] Registered: org.terraform.structure.mineshaft.ShaftTopPopulator at -210 30 891 in a room of size 14x5 
[2025-03-14 17:46:52] [INFO   ] Calculated structure at -1,32 
[2025-03-14 17:47:07] [INFO   ] Generating org.terraform.structure.small.dungeon.SmallDungeonPopulator at chunk: 39,11 
[2025-03-14 17:47:07] [INFO   ] Spawning Underground Dungeon at 635,48,179 
[2025-03-14 17:47:18] [INFO   ] 52,-12 will spawn a vanilla structure, with tryGenerateStructure == true 
[2025-03-14 17:47:20] [INFO   ] Small Schematic 
[2025-03-14 17:47:25] [INFO   ] Medium Schematic 
[2025-03-14 17:47:26] [INFO   ] Medium Schematic 
[2025-03-14 17:47:28] [INFO   ] Generating org.terraform.structure.small.dungeon.SmallDungeonPopulator at chunk: 47,-8 
[2025-03-14 17:47:28] [INFO   ] Spawning Underground Dungeon at 757,10,-116 
[2025-03-14 17:48:23] [INFO   ] Medium Schematic 
[2025-03-14 19:38:02] [INFO   ]  Custom Logger Initialized 
[2025-03-14 19:38:02] [INFO   ] [NOTICE] TerraformGenerator will suppress the server's watchdog while generating chunks to prevent unnecessary stacktrace warnings. Unless you specifically need thewatchdog now (to take aikar timings or debug lag), you don't need to take any action. 
[2025-03-14 19:38:02] [INFO   ] It is recommended to pregenerate to reduce lag problems. 
[2025-03-14 19:38:02] [INFO   ] Watchdog Thread hooked. 
[2025-03-14 19:38:02] [INFO   ]  bStats Metrics enabled. 
[2025-03-14 19:38:03] [INFO   ]  Detected version: 1.21, number: 21.0 
[2025-03-14 19:38:03] [INFO   ] Unfreezing biome registry... 
[2025-03-14 19:38:03] [INFO   ] Registered custom biome: muddy_bog 
[2025-03-14 19:38:03] [INFO   ] Registered custom biome: cherry_grove 
[2025-03-14 19:38:03] [INFO   ] Registered custom biome: scarlet_forest 
[2025-03-14 19:38:03] [INFO   ] Registered custom biome: crystalline_cluster 
[2025-03-14 19:38:03] [INFO   ] Freezing biome registry 
[2025-03-14 19:38:03] [INFO   ] [Structure Registry] Registered Large Structure: VillageHousePopulator 
[2025-03-14 19:38:03] [INFO   ] [Structure Registry] Registered Large Structure: VillagePopulator 
[2025-03-14 19:38:03] [INFO   ] [Structure Registry] Registered Large Structure: OutpostPopulator 
[2025-03-14 19:38:03] [INFO   ] [Structure Registry] Registered Large Structure: PyramidPopulator 
[2025-03-14 19:38:03] [INFO   ] [Structure Registry] Registered Large Structure: MonumentPopulator 
[2025-03-14 19:38:03] [INFO   ] [Structure Registry] Registered Large Structure: StrongholdPopulator 
[2025-03-14 19:38:03] [INFO   ] [Structure Registry] Registered Large Structure: MansionPopulator 
[2025-03-14 19:38:03] [INFO   ] [Structure Registry] Registered Large Structure: AncientCityPopulator 
[2025-03-14 19:38:03] [INFO   ] [Structure Registry] Registered Large Structure: TrialChamberPopulator 
[2025-03-14 19:38:03] [INFO   ] [Structure Registry] Registered Large Structure: LargeCavePopulator 
[2025-03-14 19:38:03] [INFO   ] [Structure Registry] Registered Large Structure: MineshaftPopulator 
[2025-03-14 19:38:03] [INFO   ] [Structure Registry] Registered Large Structure: CatacombsPopulator 
[2025-03-14 19:38:03] [INFO   ] [Structure Registry] Registered Large Structure: BadlandsMinePopulator 
[2025-03-14 19:38:03] [INFO   ] [Structure Registry] Registered Large Structure: WarmOceanRuinsPopulator 
[2025-03-14 19:38:03] [INFO   ] [Structure Registry] Registered Large Structure: TrailRuinsPopulator 
[2025-03-14 19:38:03] [INFO   ] [Structure Registry] Registered Small Structure: SmallDungeonPopulator 
[2025-03-14 19:38:03] [INFO   ] [Structure Registry] Registered Small Structure: ShipwreckPopulator 
[2025-03-14 19:38:03] [INFO   ] [Structure Registry] Registered Small Structure: BuriedTreasurePopulator 
[2025-03-14 19:38:03] [INFO   ] [Structure Registry] Registered Small Structure: RuinedPortalPopulator 
[2025-03-14 19:38:03] [INFO   ] [Structure Registry] Registered Small Structure: IglooPopulator 
[2025-03-14 19:38:03] [INFO   ] [Structure Registry] Registered Small Structure: DesertWellPopulator 
[2025-03-14 19:38:03] [INFO   ] [Structure Registry] Registered Small Structure: WitchHutPopulator 
[2025-03-14 19:38:07] [INFO   ] Creating TW instance: world - -4461820931073833708 
[2025-03-14 19:38:07] [INFO   ]  Detected world: world, commencing injection...  
[2025-03-14 19:38:07] [INFO   ] Creating TW instance: world - -4461820931073833708 
[2025-03-14 19:38:07] [INFO   ] NMSChunkGenerator Delegate is of type CustomChunkGenerator 
[2025-03-14 19:38:07] [INFO   ] Post injection: getChunkSource().getChunkGenerator() is of type NMSChunkGenerator 
[2025-03-14 19:38:07] [INFO   ]  Injection success! Proceeding with generation. 
[2025-03-14 19:38:09] [INFO   ]  world loaded. 
[2025-03-14 19:38:38] [INFO   ] Will spawn stronghold at: 75, 1405 
[2025-03-14 19:38:39] [INFO   ] Spawning MossyCavePopulator at -304,12,96 
[2025-03-14 19:38:39] [INFO   ] Spawning DeepCavePopulator at -304,-43,96 
[2025-03-14 19:38:40] [INFO   ] Spawning CaveFluidClusterPopulator at -317,9,72 
[2025-03-14 19:38:42] [INFO   ] Spawning LushClusterCavePopulator at -308,65,19 
[2025-03-14 19:38:43] [INFO   ] Registered: org.terraform.structure.mineshaft.SmeltingHallPopulator at -202 -4 -147 in a room of size 14x15 
[2025-03-14 19:38:43] [INFO   ] Registered: org.terraform.structure.mineshaft.CaveSpiderDenPopulator at -198 -4 -179 in a room of size 14x15 
[2025-03-14 19:38:43] [INFO   ] Registered: org.terraform.structure.mineshaft.CaveSpiderDenPopulator at -187 -4 -227 in a room of size 15x14 
[2025-03-14 19:38:43] [INFO   ] Registered: org.terraform.structure.mineshaft.SmeltingHallPopulator at -247 -4 -199 in a room of size 15x13 
[2025-03-14 19:38:43] [INFO   ] Registered: org.terraform.structure.mineshaft.SmeltingHallPopulator at -195 -4 -259 in a room of size 13x14 
[2025-03-14 19:38:43] [INFO   ] Registered: org.terraform.structure.mineshaft.CaveSpiderDenPopulator at -122 -4 -136 in a room of size 14x14 
[2025-03-14 19:38:43] [INFO   ] Calculated structure at -19,-1 
[2025-03-14 19:38:44] [INFO   ] Spawning CrystallineClusterCavePopulator at -340,58,32 
[2025-03-14 19:39:22] [INFO   ] Vanilla locate for net.minecraft.world.level.levelgen.structure.structures.JigsawStructure invoked. 
[2025-03-14 19:39:41] [INFO   ] [Locate] Completed Locate task (552ms) 
[2025-03-14 19:39:41] [INFO   ] Spawning FrozenCavePopulator at 1344,1,320 
[2025-03-14 19:39:42] [INFO   ] Generating org.terraform.structure.villagehouse.VillageHousePopulator at chunk: 84,20 
[2025-03-14 19:39:42] [INFO   ] Spawning farmhouse at 1344,75,320 with rotation of WEST 
[2025-03-14 19:39:44] [INFO   ] Spawning DripstoneClusterCavePopulator at 1324,-10,374 
[2025-03-14 19:39:47] [INFO   ] [Locate] [VillageHousePopulator] Located at X: 1344 Z: 320 
[2025-03-14 19:39:52] [INFO   ] Generating org.terraform.structure.small.dungeon.SmallDungeonPopulator at chunk: 82,26 
[2025-03-14 19:39:52] [INFO   ] Spawning Underground Dungeon at 1322,26,424 
[2025-03-14 19:40:18] [INFO   ] [Locate] Completed Locate task (107ms) 
[2025-03-14 19:40:20] [INFO   ] Generating org.terraform.structure.village.VillagePopulator at chunk: -12,-76 
[2025-03-14 19:40:20] [INFO   ] Spawning plains village at -192,50,-1216 
[2025-03-14 19:40:23] [INFO   ] Registered: org.terraform.structure.village.plains.PlainsVillageAnimalPenPopulator at -212 0 -1192 in a room of size 15x18 
[2025-03-14 19:40:23] [INFO   ] Registered: org.terraform.structure.village.plains.PlainsVillageFountainPopulator at -164 0 -1179 in a room of size 8x10 
[2025-03-14 19:40:23] [INFO   ] Registered: org.terraform.structure.village.plains.PlainsVillageAnimalPenPopulator at -146 0 -1202 in a room of size 20x17 
[2025-03-14 19:40:23] [INFO   ] Registered: org.terraform.structure.village.plains.PlainsVillageForgePopulator at -214 0 -1215 in a room of size 18x20 
[2025-03-14 19:40:24] [INFO   ] Registered: org.terraform.structure.village.plains.PlainsVillageAnimalPenPopulator at -176 0 -1191 in a room of size 15x20 
[2025-03-14 19:40:24] [INFO   ] Registered: org.terraform.structure.village.plains.PlainsVillageStandardHousePopulator at -170 0 -1214 in a room of size 17x19 
[2025-03-14 19:40:24] [INFO   ] Registered: org.terraform.structure.village.plains.PlainsVillageTownhallPopulator at -192 74 -1216 in a room of size 24x24 
[2025-03-14 19:40:24] [INFO   ] Spawning farmhouse at -192,74,-1216 with rotation of SOUTH 
[2025-03-14 19:40:24] [INFO   ] Registered: org.terraform.structure.village.plains.PlainsVillageTemplePopulator at -195 0 -1194 in a room of size 20x15 
[2025-03-14 19:40:24] [INFO   ] Registered: org.terraform.structure.village.plains.PlainsVillagePondPopulator at -152 0 -1177 in a room of size 8x7 
[2025-03-14 19:40:24] [INFO   ] [Locate] [VillagePopulator] Located at X: -192 Z: -1216 
[2025-03-14 19:40:28] [INFO   ] Generating org.terraform.structure.small.dungeon.SmallDungeonPopulator at chunk: 69,11 
[2025-03-14 19:40:28] [INFO   ] Spawning Underground Dungeon at 1110,17,176 
[2025-03-14 19:40:28] [INFO   ] Spawning ancient city at: 832,-14,320 
[2025-03-14 19:40:28] [INFO   ] Registered: org.terraform.structure.ancientcity.AncientCityLargePillarRoomPopulator at 797 -14 306 in a room of size 20x20 
[2025-03-14 19:40:28] [INFO   ] Registered: org.terraform.structure.ancientcity.AncientCitySchematicPlatform at 778 -14 269 in a room of size 22x22 
[2025-03-14 19:40:28] [INFO   ] Registered: org.terraform.structure.ancientcity.AncientCitySchematicPlatform at 775 -14 334 in a room of size 20x21 
[2025-03-14 19:40:28] [INFO   ] Registered: org.terraform.structure.ancientcity.AncientCityAltarPopulator at 880 -14 299 in a room of size 19x25 
[2025-03-14 19:40:28] [INFO   ] Registered: org.terraform.structure.ancientcity.AncientCityRuinsPlatform at 839 -14 265 in a room of size 16x18 
[2025-03-14 19:40:28] [INFO   ] Registered: org.terraform.structure.ancientcity.AncientCitySchematicPlatform at 842 -14 368 in a room of size 23x24 
[2025-03-14 19:40:28] [INFO   ] Registered: org.terraform.structure.ancientcity.AncientCitySchematicPlatform at 879 -14 361 in a room of size 26x24 
[2025-03-14 19:40:28] [INFO   ] Registered: org.terraform.structure.ancientcity.AncientCityCenterPlatformPopulator at 840 -14 328 in a room of size 46x46 
[2025-03-14 19:40:28] [INFO   ] Registered: org.terraform.structure.ancientcity.AncientCityAltarPopulator at 861 -14 269 in a room of size 25x25 
[2025-03-14 19:40:28] [INFO   ] Registered: org.terraform.structure.ancientcity.AncientCitySchematicPlatform at 798 -14 373 in a room of size 24x24 
[2025-03-14 19:40:28] [INFO   ] Registered: org.terraform.structure.ancientcity.AncientCityRuinsPlatform at 800 -14 280 in a room of size 19x21 
[2025-03-14 19:40:28] [INFO   ] Calculated structure at 63,18 
[2025-03-14 19:40:30] [INFO   ] 84,-12 will spawn a vanilla structure, with tryGenerateStructure == true 
[2025-03-14 19:40:42] [INFO   ] Large Cave at 320,28,-1216 has water level > -7 with populator GenericLargeCavePopulator 
[2025-03-14 19:40:42] [INFO   ] Calculated structure at 0,-76 
[2025-03-14 19:41:01] [INFO   ] Generating Stronghold at chunk: -2,-88 
[2025-03-14 19:41:03] [INFO   ] Generating org.terraform.structure.small.dungeon.SmallDungeonPopulator at chunk: -25,-87 
[2025-03-14 19:41:03] [INFO   ] Spawning Underground Dungeon at -385,10,-1387 
[2025-03-14 19:41:05] [INFO   ] Registered: org.terraform.structure.stronghold.PortalRoomPopulator at 12 7 -1359 in a room of size 25x25 
[2025-03-14 19:41:05] [INFO   ] Registered: org.terraform.structure.stronghold.LibraryRoomPopulator at -70 7 -1443 in a room of size 27x29 
[2025-03-14 19:41:05] [INFO   ] Registered: org.terraform.structure.stronghold.HallwayPopulator at 18 7 -1454 in a room of size 26x28 
[2025-03-14 19:41:05] [INFO   ] Registered: org.terraform.structure.stronghold.LibraryRoomPopulator at -16 7 -1401 in a room of size 31x30 
[2025-03-14 19:41:05] [INFO   ] Registered: org.terraform.structure.stronghold.HallwayPopulator at 9 7 -1412 in a room of size 13x24 
[2025-03-14 19:41:05] [INFO   ] Registered: org.terraform.structure.stronghold.SupplyRoomPopulator at -36 7 -1431 in a room of size 11x12 
[2025-03-14 19:41:05] [INFO   ] Registered: org.terraform.structure.stronghold.StairwayRoomPopulator at -40 7 -1381 in a room of size 5x5 
[2025-03-14 19:41:05] [INFO   ] Registered: org.terraform.structure.stronghold.NetherPortalRoomPopulator at -72 7 -1386 in a room of size 18x11 
[2025-03-14 19:41:05] [INFO   ] Registered: org.terraform.structure.stronghold.PrisonRoomPopulator at -15 7 -1375 in a room of size 24x16 
[2025-03-14 19:41:05] [INFO   ] Registered: org.terraform.structure.stronghold.PrisonRoomPopulator at -17 7 -1428 in a room of size 22x15 
[2025-03-14 19:41:05] [INFO   ] Registered: org.terraform.structure.stronghold.SilverfishDenPopulator at 6 7 -1387 in a room of size 13x17 
[2025-03-14 19:41:05] [INFO   ] Registered: org.terraform.structure.stronghold.PrisonRoomPopulator at -49 7 -1361 in a room of size 20x15 
[2025-03-14 19:41:05] [INFO   ] Registered: org.terraform.structure.stronghold.HallwayPopulator at -62 7 -1420 in a room of size 18x12 
[2025-03-14 19:41:05] [INFO   ] Registered: org.terraform.structure.stronghold.SupplyRoomPopulator at -16 7 -1358 in a room of size 20x12 
[2025-03-14 19:41:05] [INFO   ] Registered: org.terraform.structure.stronghold.HallwayPopulator at 18 7 -1430 in a room of size 24x13 
[2025-03-14 19:41:05] [INFO   ] Registered: org.terraform.structure.stronghold.SupplyRoomPopulator at -13 7 -1444 in a room of size 11x12 
[2025-03-14 19:41:05] [INFO   ] Registered: org.terraform.structure.stronghold.HallwayPopulator at -12 25 -1357 in a room of size 21x12 
[2025-03-14 19:41:05] [INFO   ] Registered: org.terraform.structure.stronghold.HallwayPopulator at -16 25 -1435 in a room of size 14x20 
[2025-03-14 19:41:05] [INFO   ] Registered: org.terraform.structure.stronghold.HallwayPopulator at -67 25 -1379 in a room of size 14x17 
[2025-03-14 19:41:05] [INFO   ] Registered: org.terraform.structure.stronghold.HallwayPopulator at 8 25 -1424 in a room of size 16x23 
[2025-03-14 19:41:05] [INFO   ] Registered: org.terraform.structure.stronghold.SilverfishDenPopulator at 26 25 -1417 in a room of size 21x13 
[2025-03-14 19:41:05] [INFO   ] Registered: org.terraform.structure.stronghold.LibraryRoomPopulator at -15 25 -1396 in a room of size 25x30 
[2025-03-14 19:41:05] [INFO   ] Registered: org.terraform.structure.stronghold.HallwayPopulator at -44 25 -1413 in a room of size 20x13 
[2025-03-14 19:41:05] [INFO   ] Registered: org.terraform.structure.stronghold.StairwayTopPopulator at -40 25 -1381 in a room of size 5x5 
[2025-03-14 19:41:05] [INFO   ] Registered: org.terraform.structure.stronghold.SupplyRoomPopulator at 24 25 -1457 in a room of size 18x11 
[2025-03-14 19:41:05] [INFO   ] Registered: org.terraform.structure.stronghold.LibraryRoomPopulator at 19 25 -1370 in a room of size 26x27 
[2025-03-14 19:41:05] [INFO   ] Registered: org.terraform.structure.stronghold.LibraryRoomPopulator at -53 25 -1447 in a room of size 25x30 
[2025-03-14 19:41:05] [INFO   ] Registered: org.terraform.structure.stronghold.PrisonRoomPopulator at -44 25 -1398 in a room of size 15x18 
[2025-03-14 19:41:05] [INFO   ] Registered: org.terraform.structure.stronghold.HallwayPopulator at -69 25 -1405 in a room of size 26x25 
[2025-03-14 19:41:05] [INFO   ] Registered: org.terraform.structure.stronghold.PrisonRoomPopulator at 25 25 -1395 in a room of size 19x19 
[2025-03-14 19:41:05] [INFO   ] Registered: org.terraform.structure.stronghold.HallwayPopulator at -35 25 -1367 in a room of size 22x15 
[2025-03-14 20:14:09] [INFO   ] Generating org.terraform.structure.small.dungeon.SmallDungeonPopulator at chunk: 44,-13 
[2025-03-14 20:14:09] [INFO   ] Spawning Underground Dungeon at 718,45,-195 
[2025-03-14 20:14:58] [INFO   ] Registered: org.terraform.structure.mineshaft.ShaftRoomPopulator at -190 28 858 in a room of size 14x13 
[2025-03-14 20:14:58] [INFO   ] Registered: org.terraform.structure.mineshaft.CaveSpiderDenPopulator at -172 28 841 in a room of size 15x13 
[2025-03-14 20:14:58] [INFO   ] Registered: org.terraform.structure.mineshaft.SmeltingHallPopulator at -239 28 878 in a room of size 13x14 
[2025-03-14 20:14:58] [INFO   ] Registered: org.terraform.structure.mineshaft.CaveSpiderDenPopulator at -243 28 898 in a room of size 14x14 
[2025-03-14 20:14:58] [INFO   ] Registered: org.terraform.structure.mineshaft.SmeltingHallPopulator at -199 28 800 in a room of size 15x14 
[2025-03-14 20:14:58] [INFO   ] Registered: org.terraform.structure.mineshaft.SmeltingHallPopulator at -176 28 761 in a room of size 14x14 
[2025-03-14 20:14:58] [INFO   ] Registered: org.terraform.structure.mineshaft.ShaftRoomPopulator at -208 28 869 in a room of size 14x13 
[2025-03-14 20:14:58] [INFO   ] Registered: org.terraform.structure.mineshaft.CaveSpiderDenPopulator at -210 28 891 in a room of size 14x14 
[2025-03-14 20:14:58] [INFO   ] Registered: org.terraform.structure.mineshaft.CaveSpiderDenPopulator at -134 28 813 in a room of size 13x13 
[2025-03-14 20:14:58] [INFO   ] Registered: org.terraform.structure.mineshaft.CaveSpiderDenPopulator at -149 28 874 in a room of size 15x13 
[2025-03-14 20:14:58] [INFO   ] Registered: org.terraform.structure.mineshaft.CaveSpiderDenPopulator at -192 43 882 in a room of size 13x13 
[2025-03-14 20:14:58] [INFO   ] Registered: org.terraform.structure.mineshaft.CaveSpiderDenPopulator at -149 43 781 in a room of size 13x14 
[2025-03-14 20:14:58] [INFO   ] Registered: org.terraform.structure.mineshaft.SmeltingHallPopulator at -122 43 865 in a room of size 14x13 
[2025-03-14 20:14:58] [INFO   ] Registered: org.terraform.structure.mineshaft.SmeltingHallPopulator at -230 43 864 in a room of size 15x13 
[2025-03-14 20:14:58] [INFO   ] Registered: org.terraform.structure.mineshaft.CaveSpiderDenPopulator at -227 43 907 in a room of size 14x13 
[2025-03-14 20:14:58] [INFO   ] Registered: org.terraform.structure.mineshaft.SmeltingHallPopulator at -265 43 826 in a room of size 15x13 
[2025-03-14 20:14:58] [INFO   ] Registered: org.terraform.structure.mineshaft.SmeltingHallPopulator at -207 43 817 in a room of size 14x13 
[2025-03-14 20:14:58] [INFO   ] Registered: org.terraform.structure.mineshaft.ShaftTopPopulator at -208 43 869 in a room of size 14x7 
[2025-03-14 20:14:58] [INFO   ] Registered: org.terraform.structure.mineshaft.ShaftTopPopulator at -190 43 858 in a room of size 14x6 
[2025-03-14 20:14:58] [INFO   ] Registered: org.terraform.structure.mineshaft.CaveSpiderDenPopulator at -141 43 859 in a room of size 14x13 
[2025-03-14 20:14:58] [INFO   ] Registered: org.terraform.structure.mineshaft.SmeltingHallPopulator at -161 43 847 in a room of size 15x14 
[2025-03-14 20:14:58] [INFO   ] Registered: org.terraform.structure.mineshaft.CaveSpiderDenPopulator at -262 43 890 in a room of size 14x14 
[2025-03-14 20:14:58] [INFO   ] Calculated structure at -13,32 
[2025-03-14 20:15:07] [INFO   ] Generating org.terraform.structure.small.dungeon.SmallDungeonPopulator at chunk: -19,-12 
[2025-03-14 20:15:07] [INFO   ] Spawning Drowned Dungeon at -302,-179 
[2025-03-14 20:15:07] [INFO   ] Generating org.terraform.structure.small.dungeon.SmallDungeonPopulator at chunk: -21,22 
[2025-03-14 20:15:07] [INFO   ] Spawning Underground Dungeon at -327,9,364 
[2025-03-14 20:19:40] [INFO   ] Generating org.terraform.structure.small.shipwreck.ShipwreckPopulator at chunk: 4,40 
[2025-03-14 20:19:40] [INFO   ] Spawning shipwreck at 65, 43, 649 with rotation of NORTH 
[2025-03-14 20:19:42] [INFO   ] 20,52 will spawn a vanilla structure, with tryGenerateStructure == true 
