[03:01:03] [ServerMain/INFO]: [bootstrap] Running Java 21 (OpenJDK 64-Bit Server VM 21.0.6+7-Ubuntu-120.04.1; Ubuntu null) on Linux 6.5.0-1025-azure (amd64)
[03:01:03] [ServerMain/INFO]: [bootstrap] Loading Paper 1.21-130-master@b1b5d4c (2024-08-10T10:02:42Z) for Minecraft 1.21
[03:01:04] [ServerMain/INFO]: [PluginInitializerManager] Initializing plugins...
[03:01:04] [ServerMain/INFO]: [PluginInitializerManager] Initialized 0 plugins
[03:01:08] [ServerMain/INFO]: Environment: Environment[sessionHost=https://sessionserver.mojang.com, servicesHost=https://api.minecraftservices.com, name=PROD]
[03:01:10] [ServerMain/INFO]: Loaded 1290 recipes
[03:01:10] [ServerMain/INFO]: Loaded 1399 advancements
[03:01:10] [Server thread/INFO]: Starting minecraft server version 1.21
[03:01:10] [Server thread/INFO]: Loading properties
[03:01:10] [Server thread/INFO]: This server is running Paper version 1.21-130-master@b1b5d4c (2024-08-10T10:02:42Z) (Implementing API version 1.21-R0.1-SNAPSHOT)
[03:01:11] [Server thread/INFO]: [spark] This server bundles the spark profiler. For more information please visit https://docs.papermc.io/paper/profiling
[03:01:11] [Server thread/INFO]: Server Ping Player Sample Count: 12
[03:01:11] [Server thread/INFO]: Using 4 threads for Netty based IO
[03:01:12] [Server thread/INFO]: [ChunkTaskScheduler] Chunk system is using 1 I/O threads, 1 worker threads, and population gen parallelism of 1 threads
[03:01:12] [Server thread/INFO]: Default game type: SURVIVAL
[03:01:12] [Server thread/INFO]: Generating keypair
[03:01:12] [Server thread/INFO]: Starting Minecraft server on *:25565
[03:01:12] [Server thread/INFO]: Using epoll channel type
[03:01:12] [Server thread/INFO]: Paper: Using libdeflate (Linux x86_64) compression from Velocity.
[03:01:12] [Server thread/INFO]: Paper: Using OpenSSL 1.1.x (Linux x86_64) cipher from Velocity.
[03:01:12] [Server thread/INFO]: Server permissions file permissions.yml is empty, ignoring it
[03:01:12] [Server thread/INFO]: Preparing level "world"
[03:01:12] [Server thread/INFO]: Preparing start region for dimension minecraft:overworld
[03:01:14] [Server thread/INFO]: Time elapsed: 1629 ms
[03:01:14] [Server thread/INFO]: Preparing start region for dimension minecraft:the_nether
[03:01:14] [Server thread/INFO]: Time elapsed: 179 ms
[03:01:14] [Server thread/INFO]: Preparing start region for dimension minecraft:the_end
[03:01:14] [Server thread/INFO]: Time elapsed: 107 ms
[03:01:14] [Server thread/INFO]: [spark] Starting background profiler...
[03:01:15] [Server thread/INFO]: Done preparing level "world" (2.746s)
[03:01:15] [Server thread/INFO]: Running delayed init tasks
[03:01:15] [Server thread/INFO]: Done (12.247s)! For help, type "help"
[03:01:15] [Server thread/INFO]: Timings Reset
[03:01:15] [Server thread/INFO]: Unknown or incomplete command, see below for error
tue-italia.gl.joinmc.link<--[HERE]
[03:01:22] [User Authenticator #0/INFO]: UUID of player Teagokk_ is 5f3b4f9e-0a67-4dab-9cb0-f83a5e0eeb80
[03:01:24] [Server thread/INFO]: Teagokk_ joined the game
[03:01:24] [Server thread/INFO]: Teagokk_[/127.189.225.101:58513] logged in with entity id 122 at ([world]166.5, 78.0, -178.5)
[03:01:28] [User Authenticator #0/INFO]: UUID of player Luquitas_Alpha is e8a17eb8-cb33-41d7-b593-a0284eed9ea4
[03:01:29] [Server thread/INFO]: Luquitas_Alpha joined the game
[03:01:29] [Server thread/INFO]: Luquitas_Alpha[/127.31.93.45:32825] logged in with entity id 268 at ([world]162.5, 76.0, -174.5)
[03:02:15] [Server thread/INFO]: Teagokk_ was slain by Luquitas_Alpha
[03:02:22] [Server thread/INFO]: Luquitas_Alpha has made the advancement [Stone Age]
[03:02:33] [Server thread/INFO]: Teagokk_ was slain by Luquitas_Alpha
[03:02:49] [Server thread/INFO]: Luquitas_Alpha has made the advancement [Getting an Upgrade]
[03:02:55] [Server thread/INFO]: Teagokk_ lost connection: Disconnected
[03:02:55] [Server thread/INFO]: Teagokk_ left the game
[03:02:57] [User Authenticator #1/INFO]: UUID of player Teagokk_ is 5f3b4f9e-0a67-4dab-9cb0-f83a5e0eeb80
[03:02:59] [Server thread/INFO]: Teagokk_ joined the game
[03:02:59] [Server thread/INFO]: Teagokk_[/127.189.225.101:60835] logged in with entity id 661 at ([world]151.40981630278955, 72.10089826106253, -157.73271443206858)
[03:03:11] [Server thread/INFO]: Teagokk_ was slain by Luquitas_Alpha
[03:03:32] [Server thread/INFO]: Teagokk_ was slain by Luquitas_Alpha
[03:03:48] [Server thread/INFO]: Teagokk_ was slain by Luquitas_Alpha
[03:05:41] [Server thread/INFO]: Teagokk_ was shot by Skeleton
[03:05:43] [Server thread/INFO]: Made Teagokk_ a server operator
[03:05:51] [Server thread/INFO]: Luquitas_Alpha has made the advancement [Monster Hunter]
[03:06:10] [Server thread/INFO]: Teagokk_ was slain by Luquitas_Alpha
[03:06:38] [Server thread/INFO]: Teagokk_ was slain by Luquitas_Alpha
[03:07:09] [Server thread/INFO]: Teagokk_ was slain by Luquitas_Alpha
